{"C:\\Users\\dkast\\OneDrive\\Desktop\\piglatin\\script.js": {"path":"C:\\Users\\dkast\\OneDrive\\Desktop\\piglatin\\script.js","statementMap":{"0":{"start":{"line":3,"column":14},"end":{"line":24,"column":1}},"1":{"start":{"line":6,"column":4},"end":{"line":6,"column":30}},"2":{"start":{"line":7,"column":19},"end":{"line":7,"column":43}},"3":{"start":{"line":8,"column":4},"end":{"line":22,"column":5}},"4":{"start":{"line":10,"column":8},"end":{"line":10,"column":28}},"5":{"start":{"line":12,"column":21},"end":{"line":12,"column":23}},"6":{"start":{"line":14,"column":8},"end":{"line":20,"column":9}},"7":{"start":{"line":14,"column":21},"end":{"line":14,"column":22}},"8":{"start":{"line":15,"column":12},"end":{"line":19,"column":13}},"9":{"start":{"line":16,"column":16},"end":{"line":16,"column":34}},"10":{"start":{"line":18,"column":16},"end":{"line":18,"column":52}},"11":{"start":{"line":29,"column":0},"end":{"line":29,"column":23}}},"fnMap":{"0":{"name":"(anonymous_0)","decl":{"start":{"line":3,"column":14},"end":{"line":3,"column":15}},"loc":{"start":{"line":3,"column":24},"end":{"line":24,"column":1}},"line":3}},"branchMap":{"0":{"loc":{"start":{"line":8,"column":4},"end":{"line":22,"column":5}},"type":"if","locations":[{"start":{"line":8,"column":4},"end":{"line":22,"column":5}},{"start":{"line":8,"column":4},"end":{"line":22,"column":5}}],"line":8},"1":{"loc":{"start":{"line":15,"column":12},"end":{"line":19,"column":13}},"type":"if","locations":[{"start":{"line":15,"column":12},"end":{"line":19,"column":13}},{"start":{"line":15,"column":12},"end":{"line":19,"column":13}}],"line":15}},"s":{"0":1,"1":8,"2":8,"3":8,"4":2,"5":6,"6":6,"7":6,"8":20,"9":14,"10":6,"11":1},"f":{"0":8},"b":{"0":[2,6],"1":[14,6]},"_coverageSchema":"1a1c01bbd47fc00a2c39e90264f33305004495a9","hash":"83c2698a8e679edcd522fd699256570581ff95e4"}
}
